2025-12-26 15:11:35 - app - INFO - Запуск API сервера
2025-12-26 15:11:36 - app - INFO - Запуск API сервера
2025-12-26 15:11:36 - app - INFO - Запуск API сервера
2025-12-26 15:19:55 - app - INFO - Завершение работы API сервера
2025-12-26 15:19:56 - app - INFO - Запуск API сервера
2025-12-26 15:19:56 - app - INFO - Запуск API сервера
2025-12-26 15:27:26 - app - INFO - Завершение работы API сервера
2025-12-26 17:48:08 - app - INFO - Запуск API сервера
2025-12-26 17:48:09 - app - INFO - Запуск API сервера
2025-12-26 17:48:09 - app - INFO - Запуск API сервера
2025-12-26 17:48:37 - app - INFO - Завершение работы API сервера
2025-12-29 07:56:01 - app - INFO - Запуск API сервера
2025-12-29 07:56:02 - app - INFO - Запуск API сервера
2025-12-29 07:56:02 - app - INFO - Запуск API сервера
2025-12-29 07:56:15 - app - WARNING - Ошибка валидации: [{'loc': ('query', 'status'), 'msg': "Input should be 'ожидает подтверждения', 'в обработке', 'отправлен', 'доставлен' or 'отменен'", 'type': 'enum'}]
2025-12-29 07:56:15 - app - WARNING - Ошибка валидации: [{'loc': ('query', 'status'), 'msg': "Input should be 'ожидает подтверждения', 'в обработке', 'отправлен', 'доставлен' or 'отменен'", 'type': 'enum'}]
2025-12-29 07:56:20 - app - WARNING - Ошибка валидации: [{'loc': ('query', 'status'), 'msg': "Input should be 'ожидает подтверждения', 'в обработке', 'отправлен', 'доставлен' or 'отменен'", 'type': 'enum'}]
2025-12-29 07:56:20 - app - WARNING - Ошибка валидации: [{'loc': ('query', 'status'), 'msg': "Input should be 'ожидает подтверждения', 'в обработке', 'отправлен', 'доставлен' or 'отменен'", 'type': 'enum'}]
2025-12-29 07:56:21 - app - WARNING - Ошибка валидации: [{'loc': ('query', 'status'), 'msg': "Input should be 'ожидает подтверждения', 'в обработке', 'отправлен', 'доставлен' or 'отменен'", 'type': 'enum'}]
2025-12-29 07:56:21 - app - WARNING - Ошибка валидации: [{'loc': ('query', 'status'), 'msg': "Input should be 'ожидает подтверждения', 'в обработке', 'отправлен', 'доставлен' or 'отменен'", 'type': 'enum'}]
2025-12-29 08:29:56 - app - INFO - Завершение работы API сервера
2025-12-29 08:29:57 - app - INFO - Запуск API сервера
2025-12-29 08:29:57 - app - INFO - Запуск API сервера
2025-12-29 08:30:20 - app - INFO - Завершение работы API сервера
2025-12-29 08:30:22 - app - INFO - Запуск API сервера
2025-12-29 08:30:23 - app - INFO - Запуск API сервера
2025-12-29 08:30:23 - app - INFO - Запуск API сервера
2026-01-01 14:35:03 - app - INFO - Запуск API сервера
2026-01-01 14:35:04 - app - INFO - Запуск API сервера
2026-01-01 14:35:05 - app - INFO - Запуск API сервера
2026-01-01 14:36:34 - app - WARNING - HTTP исключение: Неверный email или пароль
2026-01-01 14:36:42 - app - WARNING - Ошибка валидации: [{'loc': ('query', 'status'), 'msg': "Input should be 'ожидает подтверждения', 'в обработке', 'отправлен', 'доставлен' or 'отменен'", 'type': 'enum'}]
2026-01-01 14:36:42 - app - WARNING - Ошибка валидации: [{'loc': ('query', 'status'), 'msg': "Input should be 'ожидает подтверждения', 'в обработке', 'отправлен', 'доставлен' or 'отменен'", 'type': 'enum'}]
2026-01-01 14:36:44 - app - WARNING - Ошибка валидации: [{'loc': ('query', 'status'), 'msg': "Input should be 'ожидает подтверждения', 'в обработке', 'отправлен', 'доставлен' or 'отменен'", 'type': 'enum'}]
2026-01-01 14:36:44 - app - WARNING - Ошибка валидации: [{'loc': ('query', 'status'), 'msg': "Input should be 'ожидает подтверждения', 'в обработке', 'отправлен', 'доставлен' or 'отменен'", 'type': 'enum'}]
2026-01-01 14:43:08 - app - INFO - Завершение работы API сервера
2026-01-01 14:43:11 - app - INFO - Запуск API сервера
2026-01-01 14:43:12 - app - INFO - Запуск API сервера
2026-01-01 14:47:48 - app - WARNING - Ошибка валидации: [{'loc': ('query', 'status'), 'msg': "Input should be 'ожидает подтверждения', 'в обработке', 'отправлен', 'доставлен' or 'отменен'", 'type': 'enum'}]
2026-01-01 14:47:48 - app - WARNING - Ошибка валидации: [{'loc': ('query', 'status'), 'msg': "Input should be 'ожидает подтверждения', 'в обработке', 'отправлен', 'доставлен' or 'отменен'", 'type': 'enum'}]
2026-01-01 14:54:31 - app - INFO - Завершение работы API сервера
2026-01-01 14:54:32 - app - INFO - Запуск API сервера
2026-01-01 14:54:32 - app - INFO - Запуск API сервера
2026-01-01 14:54:34 - app - INFO - Запуск API сервера
2026-01-01 14:54:35 - app - INFO - Запуск API сервера
2026-01-01 14:54:35 - app - INFO - Запуск API сервера
2026-01-01 14:55:02 - app - WARNING - HTTP исключение: Корзина пуста
2026-01-01 14:55:13 - app - WARNING - HTTP исключение: Корзина пуста
2026-01-01 18:24:30 - app - INFO - Завершение работы API сервера
2026-01-01 18:24:34 - app - INFO - Запуск API сервера
2026-01-01 18:24:34 - app - INFO - Запуск API сервера
2026-01-02 14:49:48 - app - WARNING - HTTP исключение: Недействительные учетные данные
2026-01-02 14:49:48 - app - INFO - Завершение работы API сервера
2026-01-02 14:49:51 - app - INFO - Запуск API сервера
2026-01-02 14:49:51 - app - INFO - Запуск API сервера
2026-01-02 14:49:52 - app - WARNING - HTTP исключение: Недействительные учетные данные
2026-01-02 14:50:01 - app - WARNING - HTTP исключение: Неверный email или пароль
2026-01-02 14:50:06 - app - WARNING - Ошибка валидации: [{'loc': ('query', 'status'), 'msg': "Input should be 'ожидает подтверждения', 'в обработке', 'отправлен', 'доставлен' or 'отменен'", 'type': 'enum'}]
2026-01-02 14:50:06 - app - WARNING - Ошибка валидации: [{'loc': ('query', 'status'), 'msg': "Input should be 'ожидает подтверждения', 'в обработке', 'отправлен', 'доставлен' or 'отменен'", 'type': 'enum'}]
2026-01-02 14:59:48 - app - INFO - Завершение работы API сервера
2026-01-02 14:59:50 - app - INFO - Запуск API сервера
2026-01-02 14:59:50 - app - INFO - Запуск API сервера
2026-01-02 15:01:44 - app - WARNING - HTTP исключение: Корзина пуста
2026-01-02 15:03:29 - app - WARNING - HTTP исключение: Корзина пуста
2026-01-02 15:06:37 - app - INFO - Завершение работы API сервера
2026-01-02 15:06:39 - app - INFO - Запуск API сервера
2026-01-02 15:06:39 - app - INFO - Запуск API сервера
2026-01-02 15:07:07 - app - WARNING - Ошибка валидации: [{'loc': ('query', 'status'), 'msg': "Input should be 'ожидает подтверждения', 'в обработке', 'отправлен', 'доставлен' or 'отменен'", 'type': 'enum'}]
2026-01-02 15:07:07 - app - WARNING - Ошибка валидации: [{'loc': ('query', 'status'), 'msg': "Input should be 'ожидает подтверждения', 'в обработке', 'отправлен', 'доставлен' or 'отменен'", 'type': 'enum'}]
2026-01-02 15:07:17 - app - WARNING - Ошибка валидации: [{'loc': ('query', 'status'), 'msg': "Input should be 'ожидает подтверждения', 'в обработке', 'отправлен', 'доставлен' or 'отменен'", 'type': 'enum'}]
2026-01-02 15:07:17 - app - WARNING - Ошибка валидации: [{'loc': ('query', 'status'), 'msg': "Input should be 'ожидает подтверждения', 'в обработке', 'отправлен', 'доставлен' or 'отменен'", 'type': 'enum'}]
2026-01-02 15:10:01 - app - WARNING - Ошибка валидации: [{'loc': ('query', 'status'), 'msg': "Input should be 'ожидает подтверждения', 'в обработке', 'отправлен', 'доставлен' or 'отменен'", 'type': 'enum'}]
2026-01-02 15:10:01 - app - WARNING - Ошибка валидации: [{'loc': ('query', 'status'), 'msg': "Input should be 'ожидает подтверждения', 'в обработке', 'отправлен', 'доставлен' or 'отменен'", 'type': 'enum'}]
2026-01-02 15:10:18 - app - WARNING - Ошибка валидации: [{'loc': ('query', 'status'), 'msg': "Input should be 'ожидает подтверждения', 'в обработке', 'отправлен', 'доставлен' or 'отменен'", 'type': 'enum'}]
2026-01-02 15:10:19 - app - WARNING - Ошибка валидации: [{'loc': ('query', 'status'), 'msg': "Input should be 'ожидает подтверждения', 'в обработке', 'отправлен', 'доставлен' or 'отменен'", 'type': 'enum'}]
2026-01-02 15:11:15 - app - WARNING - Ошибка валидации: [{'loc': ('query', 'status'), 'msg': "Input should be 'ожидает подтверждения', 'в обработке', 'отправлен', 'доставлен' or 'отменен'", 'type': 'enum'}]
2026-01-02 15:11:15 - app - WARNING - Ошибка валидации: [{'loc': ('query', 'status'), 'msg': "Input should be 'ожидает подтверждения', 'в обработке', 'отправлен', 'доставлен' or 'отменен'", 'type': 'enum'}]
2026-01-02 15:11:38 - app - WARNING - Ошибка валидации: [{'loc': ('query', 'status'), 'msg': "Input should be 'ожидает подтверждения', 'в обработке', 'отправлен', 'доставлен' or 'отменен'", 'type': 'enum'}]
2026-01-02 15:11:38 - app - WARNING - Ошибка валидации: [{'loc': ('query', 'status'), 'msg': "Input should be 'ожидает подтверждения', 'в обработке', 'отправлен', 'доставлен' or 'отменен'", 'type': 'enum'}]
2026-01-02 15:11:45 - app - WARNING - Ошибка валидации: [{'loc': ('query', 'status'), 'msg': "Input should be 'ожидает подтверждения', 'в обработке', 'отправлен', 'доставлен' or 'отменен'", 'type': 'enum'}]
2026-01-02 15:11:45 - app - WARNING - Ошибка валидации: [{'loc': ('query', 'status'), 'msg': "Input should be 'ожидает подтверждения', 'в обработке', 'отправлен', 'доставлен' or 'отменен'", 'type': 'enum'}]
2026-01-02 15:11:49 - app - WARNING - Ошибка валидации: [{'loc': ('query', 'status'), 'msg': "Input should be 'ожидает подтверждения', 'в обработке', 'отправлен', 'доставлен' or 'отменен'", 'type': 'enum'}]
2026-01-02 15:11:49 - app - WARNING - Ошибка валидации: [{'loc': ('query', 'status'), 'msg': "Input should be 'ожидает подтверждения', 'в обработке', 'отправлен', 'доставлен' or 'отменен'", 'type': 'enum'}]
2026-01-02 15:11:51 - app - WARNING - Ошибка валидации: [{'loc': ('query', 'skip'), 'msg': 'Input should be a valid integer, unable to parse string as an integer', 'type': 'int_parsing'}]
2026-01-02 15:11:51 - app - WARNING - Ошибка валидации: [{'loc': ('query', 'skip'), 'msg': 'Input should be a valid integer, unable to parse string as an integer', 'type': 'int_parsing'}]
2026-01-02 15:11:52 - app - WARNING - Ошибка валидации: [{'loc': ('query', 'status'), 'msg': "Input should be 'ожидает подтверждения', 'в обработке', 'отправлен', 'доставлен' or 'отменен'", 'type': 'enum'}]
2026-01-02 15:11:52 - app - WARNING - Ошибка валидации: [{'loc': ('query', 'status'), 'msg': "Input should be 'ожидает подтверждения', 'в обработке', 'отправлен', 'доставлен' or 'отменен'", 'type': 'enum'}]
2026-01-02 15:12:06 - app - WARNING - Ошибка валидации: [{'loc': ('query', 'status'), 'msg': "Input should be 'ожидает подтверждения', 'в обработке', 'отправлен', 'доставлен' or 'отменен'", 'type': 'enum'}]
2026-01-02 15:12:06 - app - WARNING - Ошибка валидации: [{'loc': ('query', 'status'), 'msg': "Input should be 'ожидает подтверждения', 'в обработке', 'отправлен', 'доставлен' or 'отменен'", 'type': 'enum'}]
2026-01-02 15:12:12 - app - WARNING - Ошибка валидации: [{'loc': ('query', 'status'), 'msg': "Input should be 'ожидает подтверждения', 'в обработке', 'отправлен', 'доставлен' or 'отменен'", 'type': 'enum'}]
2026-01-02 15:12:12 - app - WARNING - Ошибка валидации: [{'loc': ('query', 'status'), 'msg': "Input should be 'ожидает подтверждения', 'в обработке', 'отправлен', 'доставлен' or 'отменен'", 'type': 'enum'}]
2026-01-02 15:12:17 - app - WARNING - Ошибка валидации: [{'loc': ('query', 'status'), 'msg': "Input should be 'ожидает подтверждения', 'в обработке', 'отправлен', 'доставлен' or 'отменен'", 'type': 'enum'}]
2026-01-02 15:12:17 - app - WARNING - Ошибка валидации: [{'loc': ('query', 'status'), 'msg': "Input should be 'ожидает подтверждения', 'в обработке', 'отправлен', 'доставлен' or 'отменен'", 'type': 'enum'}]
2026-01-02 15:12:24 - app - WARNING - Ошибка валидации: [{'loc': ('query', 'status'), 'msg': "Input should be 'ожидает подтверждения', 'в обработке', 'отправлен', 'доставлен' or 'отменен'", 'type': 'enum'}]
2026-01-02 15:12:24 - app - WARNING - Ошибка валидации: [{'loc': ('query', 'status'), 'msg': "Input should be 'ожидает подтверждения', 'в обработке', 'отправлен', 'доставлен' or 'отменен'", 'type': 'enum'}]
2026-01-02 15:13:00 - app - WARNING - Ошибка валидации: [{'loc': ('query', 'status'), 'msg': "Input should be 'ожидает подтверждения', 'в обработке', 'отправлен', 'доставлен' or 'отменен'", 'type': 'enum'}]
2026-01-02 15:13:00 - app - WARNING - Ошибка валидации: [{'loc': ('query', 'status'), 'msg': "Input should be 'ожидает подтверждения', 'в обработке', 'отправлен', 'доставлен' or 'отменен'", 'type': 'enum'}]
2026-01-02 15:13:12 - app - WARNING - Ошибка валидации: [{'loc': ('query', 'status'), 'msg': "Input should be 'ожидает подтверждения', 'в обработке', 'отправлен', 'доставлен' or 'отменен'", 'type': 'enum'}]
2026-01-02 15:13:12 - app - WARNING - Ошибка валидации: [{'loc': ('query', 'status'), 'msg': "Input should be 'ожидает подтверждения', 'в обработке', 'отправлен', 'доставлен' or 'отменен'", 'type': 'enum'}]
2026-01-02 15:13:16 - app - WARNING - Ошибка валидации: [{'loc': ('body', 'status'), 'msg': "Input should be 'ожидает подтверждения', 'в обработке', 'отправлен', 'доставлен' or 'отменен'", 'type': 'enum'}]
2026-01-02 15:13:26 - app - WARNING - Ошибка валидации: [{'loc': ('query', 'status'), 'msg': "Input should be 'ожидает подтверждения', 'в обработке', 'отправлен', 'доставлен' or 'отменен'", 'type': 'enum'}]
2026-01-02 15:13:26 - app - WARNING - Ошибка валидации: [{'loc': ('query', 'status'), 'msg': "Input should be 'ожидает подтверждения', 'в обработке', 'отправлен', 'доставлен' or 'отменен'", 'type': 'enum'}]
2026-01-02 15:13:30 - app - WARNING - Ошибка валидации: [{'loc': ('query', 'status'), 'msg': "Input should be 'ожидает подтверждения', 'в обработке', 'отправлен', 'доставлен' or 'отменен'", 'type': 'enum'}]
2026-01-02 15:13:30 - app - WARNING - Ошибка валидации: [{'loc': ('query', 'status'), 'msg': "Input should be 'ожидает подтверждения', 'в обработке', 'отправлен', 'доставлен' or 'отменен'", 'type': 'enum'}]
2026-01-02 15:14:38 - app - WARNING - Ошибка валидации: [{'loc': ('query', 'status'), 'msg': "Input should be 'ожидает подтверждения', 'в обработке', 'отправлен', 'доставлен' or 'отменен'", 'type': 'enum'}]
2026-01-02 15:15:01 - app - WARNING - Ошибка валидации: [{'loc': ('query', 'status'), 'msg': "Input should be 'ожидает подтверждения', 'в обработке', 'отправлен', 'доставлен' or 'отменен'", 'type': 'enum'}]
2026-01-02 15:15:03 - app - WARNING - Ошибка валидации: [{'loc': ('query', 'skip'), 'msg': 'Input should be a valid integer, unable to parse string as an integer', 'type': 'int_parsing'}]
2026-01-02 15:15:03 - app - WARNING - Ошибка валидации: [{'loc': ('query', 'skip'), 'msg': 'Input should be a valid integer, unable to parse string as an integer', 'type': 'int_parsing'}]
2026-01-02 15:15:05 - app - WARNING - Ошибка валидации: [{'loc': ('query', 'status'), 'msg': "Input should be 'ожидает подтверждения', 'в обработке', 'отправлен', 'доставлен' or 'отменен'", 'type': 'enum'}]
2026-01-02 15:15:05 - app - WARNING - Ошибка валидации: [{'loc': ('query', 'status'), 'msg': "Input should be 'ожидает подтверждения', 'в обработке', 'отправлен', 'доставлен' or 'отменен'", 'type': 'enum'}]
2026-01-02 15:15:07 - app - WARNING - Ошибка валидации: [{'loc': ('query', 'status'), 'msg': "Input should be 'ожидает подтверждения', 'в обработке', 'отправлен', 'доставлен' or 'отменен'", 'type': 'enum'}]
2026-01-02 15:15:07 - app - WARNING - Ошибка валидации: [{'loc': ('query', 'status'), 'msg': "Input should be 'ожидает подтверждения', 'в обработке', 'отправлен', 'доставлен' or 'отменен'", 'type': 'enum'}]
2026-01-02 15:15:09 - app - WARNING - Ошибка валидации: [{'loc': ('query', 'status'), 'msg': "Input should be 'ожидает подтверждения', 'в обработке', 'отправлен', 'доставлен' or 'отменен'", 'type': 'enum'}]
2026-01-02 15:15:09 - app - WARNING - Ошибка валидации: [{'loc': ('query', 'status'), 'msg': "Input should be 'ожидает подтверждения', 'в обработке', 'отправлен', 'доставлен' or 'отменен'", 'type': 'enum'}]
2026-01-02 15:18:14 - app - WARNING - HTTP исключение: Ошибка при создании товара: 'image_url' is an invalid keyword argument for Product
2026-01-02 15:18:17 - app - WARNING - HTTP исключение: Ошибка при создании товара: 'image_url' is an invalid keyword argument for Product
2026-01-02 15:24:19 - app - WARNING - HTTP исключение: Ошибка при создании товара: 'image_url' is an invalid keyword argument for Product
2026-01-02 15:25:43 - app - WARNING - HTTP исключение: Ошибка при создании товара: 'image_url' is an invalid keyword argument for Product
2026-01-02 15:25:45 - app - WARNING - HTTP исключение: Ошибка при создании товара: 'image_url' is an invalid keyword argument for Product
2026-01-02 15:25:46 - app - WARNING - HTTP исключение: Ошибка при создании товара: 'image_url' is an invalid keyword argument for Product
2026-01-02 15:25:46 - app - WARNING - HTTP исключение: Ошибка при создании товара: 'image_url' is an invalid keyword argument for Product
2026-01-02 15:25:46 - app - WARNING - HTTP исключение: Ошибка при создании товара: 'image_url' is an invalid keyword argument for Product
2026-01-02 15:25:47 - app - WARNING - HTTP исключение: Ошибка при создании товара: 'image_url' is an invalid keyword argument for Product
2026-01-02 15:25:56 - app - WARNING - HTTP исключение: Ошибка при создании товара: 'image_url' is an invalid keyword argument for Product
2026-01-02 15:30:41 - app - WARNING - HTTP исключение: Ошибка при создании товара: 'image_url' is an invalid keyword argument for Product
2026-01-02 15:30:43 - app - WARNING - HTTP исключение: Ошибка при создании товара: 'image_url' is an invalid keyword argument for Product
2026-01-02 15:30:44 - app - WARNING - HTTP исключение: Ошибка при создании товара: 'image_url' is an invalid keyword argument for Product
2026-01-02 15:31:30 - app - WARNING - HTTP исключение: Ошибка при создании товара: 'image_url' is an invalid keyword argument for Product
2026-01-02 15:31:31 - app - WARNING - HTTP исключение: Ошибка при создании товара: 'image_url' is an invalid keyword argument for Product
2026-01-02 15:31:31 - app - WARNING - HTTP исключение: Ошибка при создании товара: 'image_url' is an invalid keyword argument for Product
2026-01-02 15:31:39 - app - INFO - Завершение работы API сервера
2026-01-02 15:31:40 - app - INFO - Запуск API сервера
2026-01-02 15:31:40 - app - INFO - Запуск API сервера
2026-01-02 15:31:46 - app - INFO - Запуск API сервера
2026-01-02 15:31:46 - app - INFO - Запуск API сервера
2026-01-02 15:31:47 - app - INFO - Запуск API сервера
2026-01-02 15:31:57 - app - WARNING - HTTP исключение: Ошибка при создании товара: 'ProductCreate' object has no attribute 'image_url'
2026-01-02 15:39:20 - app - WARNING - HTTP исключение: Ошибка при создании товара: 'ProductCreate' object has no attribute 'image_url'
2026-01-02 15:39:25 - app - WARNING - HTTP исключение: Ошибка при создании товара: 'ProductCreate' object has no attribute 'image_url'
2026-01-02 15:41:10 - app - WARNING - HTTP исключение: Ошибка при создании товара: 'ProductCreate' object has no attribute 'image_url'
2026-01-02 15:41:13 - app - WARNING - HTTP исключение: Ошибка при создании товара: 'ProductCreate' object has no attribute 'image_url'
2026-01-02 15:41:20 - app - WARNING - HTTP исключение: Ошибка при создании товара: 'ProductCreate' object has no attribute 'image_url'
2026-01-02 15:41:45 - app - INFO - Завершение работы API сервера
2026-01-02 15:41:46 - app - INFO - Запуск API сервера
2026-01-02 15:41:46 - app - INFO - Запуск API сервера
2026-01-02 15:56:38 - app - INFO - Завершение работы API сервера
2026-01-02 15:56:39 - app - INFO - Запуск API сервера
2026-01-02 15:56:40 - app - INFO - Запуск API сервера
2026-01-02 15:58:25 - app - WARNING - Ошибка валидации: [{'loc': ('query', 'status'), 'msg': "Input should be 'ожидает подтверждения', 'в обработке', 'отправлен', 'доставлен' or 'отменен'", 'type': 'enum'}]
2026-01-02 15:58:25 - app - WARNING - Ошибка валидации: [{'loc': ('query', 'status'), 'msg': "Input should be 'ожидает подтверждения', 'в обработке', 'отправлен', 'доставлен' or 'отменен'", 'type': 'enum'}]
2026-01-02 15:58:29 - app - WARNING - Ошибка валидации: [{'loc': ('query', 'status'), 'msg': "Input should be 'ожидает подтверждения', 'в обработке', 'отправлен', 'доставлен' or 'отменен'", 'type': 'enum'}]
2026-01-02 15:58:29 - app - WARNING - Ошибка валидации: [{'loc': ('query', 'status'), 'msg': "Input should be 'ожидает подтверждения', 'в обработке', 'отправлен', 'доставлен' or 'отменен'", 'type': 'enum'}]
2026-01-02 15:58:33 - app - WARNING - Ошибка валидации: [{'loc': ('body', 'status'), 'msg': "Input should be 'ожидает подтверждения', 'в обработке', 'отправлен', 'доставлен' or 'отменен'", 'type': 'enum'}]
2026-01-02 15:59:02 - app - WARNING - Ошибка валидации: [{'loc': ('query', 'status'), 'msg': "Input should be 'ожидает подтверждения', 'в обработке', 'отправлен', 'доставлен' or 'отменен'", 'type': 'enum'}]
2026-01-02 15:59:02 - app - WARNING - Ошибка валидации: [{'loc': ('query', 'status'), 'msg': "Input should be 'ожидает подтверждения', 'в обработке', 'отправлен', 'доставлен' or 'отменен'", 'type': 'enum'}]
2026-01-02 15:59:04 - app - WARNING - Ошибка валидации: [{'loc': ('query', 'skip'), 'msg': 'Input should be a valid integer, unable to parse string as an integer', 'type': 'int_parsing'}]
2026-01-02 15:59:04 - app - WARNING - Ошибка валидации: [{'loc': ('query', 'skip'), 'msg': 'Input should be a valid integer, unable to parse string as an integer', 'type': 'int_parsing'}]
2026-01-02 15:59:05 - app - WARNING - Ошибка валидации: [{'loc': ('query', 'status'), 'msg': "Input should be 'ожидает подтверждения', 'в обработке', 'отправлен', 'доставлен' or 'отменен'", 'type': 'enum'}]
2026-01-02 15:59:05 - app - WARNING - Ошибка валидации: [{'loc': ('query', 'status'), 'msg': "Input should be 'ожидает подтверждения', 'в обработке', 'отправлен', 'доставлен' or 'отменен'", 'type': 'enum'}]
2026-01-02 15:59:09 - app - WARNING - Ошибка валидации: [{'loc': ('query', 'status'), 'msg': "Input should be 'ожидает подтверждения', 'в обработке', 'отправлен', 'доставлен' or 'отменен'", 'type': 'enum'}]
2026-01-02 15:59:09 - app - WARNING - Ошибка валидации: [{'loc': ('query', 'status'), 'msg': "Input should be 'ожидает подтверждения', 'в обработке', 'отправлен', 'доставлен' or 'отменен'", 'type': 'enum'}]
2026-01-02 15:59:20 - app - WARNING - Ошибка валидации: [{'loc': ('query', 'status'), 'msg': "Input should be 'ожидает подтверждения', 'в обработке', 'отправлен', 'доставлен' or 'отменен'", 'type': 'enum'}]
2026-01-02 15:59:20 - app - WARNING - Ошибка валидации: [{'loc': ('query', 'status'), 'msg': "Input should be 'ожидает подтверждения', 'в обработке', 'отправлен', 'доставлен' or 'отменен'", 'type': 'enum'}]
2026-01-02 16:00:46 - app - WARNING - Ошибка валидации: [{'loc': ('body', 'status'), 'msg': "Input should be 'ожидает подтверждения', 'в обработке', 'отправлен', 'доставлен' or 'отменен'", 'type': 'enum'}]
2026-01-02 16:02:08 - app - WARNING - Ошибка валидации: [{'loc': ('body', 'status'), 'msg': "Input should be 'ожидает подтверждения', 'в обработке', 'отправлен', 'доставлен' or 'отменен'", 'type': 'enum'}]
2026-01-02 16:10:00 - app - WARNING - Ошибка валидации: [{'loc': ('body', 'status'), 'msg': "Input should be 'ожидает подтверждения', 'в обработке', 'отправлен', 'доставлен' or 'отменен'", 'type': 'enum'}]
2026-01-02 16:10:25 - app - WARNING - Ошибка валидации: [{'loc': ('body', 'status'), 'msg': "Input should be 'ожидает подтверждения', 'в обработке', 'отправлен', 'доставлен' or 'отменен'", 'type': 'enum'}]
2026-01-02 16:12:43 - app - INFO - Завершение работы API сервера
2026-01-02 16:12:45 - app - INFO - Запуск API сервера
2026-01-02 16:12:45 - app - INFO - Запуск API сервера
2026-01-02 16:13:17 - app - WARNING - HTTP исключение: Неверный статус. Допустимые значения: ['ожидает подтверждения', 'в обработке', 'отправлен', 'доставлен', 'отменен']
2026-01-02 16:13:24 - app - WARNING - HTTP исключение: Неверный статус. Допустимые значения: ['ожидает подтверждения', 'в обработке', 'отправлен', 'доставлен', 'отменен']
2026-01-02 16:17:13 - app - INFO - Завершение работы API сервера
2026-01-02 16:17:15 - app - INFO - Запуск API сервера
2026-01-02 16:17:15 - app - INFO - Запуск API сервера
2026-01-02 16:26:51 - app - INFO - Завершение работы API сервера
2026-01-02 16:26:52 - app - INFO - Запуск API сервера
2026-01-02 16:26:52 - app - INFO - Запуск API сервера
2026-01-02 16:40:49 - app - WARNING - Ошибка валидации: [{'loc': ('query', 'skip'), 'msg': 'Input should be a valid integer, unable to parse string as an integer', 'type': 'int_parsing'}]
2026-01-02 16:40:49 - app - WARNING - Ошибка валидации: [{'loc': ('query', 'skip'), 'msg': 'Input should be a valid integer, unable to parse string as an integer', 'type': 'int_parsing'}]
2026-01-02 16:41:30 - app - WARNING - Ошибка валидации: [{'loc': ('query', 'skip'), 'msg': 'Input should be a valid integer, unable to parse string as an integer', 'type': 'int_parsing'}]
2026-01-02 16:41:30 - app - WARNING - Ошибка валидации: [{'loc': ('query', 'skip'), 'msg': 'Input should be a valid integer, unable to parse string as an integer', 'type': 'int_parsing'}]
2026-01-02 16:50:00 - app - WARNING - HTTP исключение: Только суперадминистратор может назначать администраторов
2026-01-02 16:50:18 - app - WARNING - Ошибка валидации: [{'loc': ('body', 'username'), 'msg': 'Field required', 'type': 'missing'}]
2026-01-02 17:35:59 - app - WARNING - Ошибка валидации: [{'loc': ('body', 'username'), 'msg': 'Field required', 'type': 'missing'}]
2026-01-02 18:35:41 - app - INFO - Завершение работы API сервера
2026-01-02 18:35:47 - app - INFO - Запуск API сервера
2026-01-02 18:35:48 - app - INFO - Запуск API сервера
2026-01-07 17:24:29 - app - INFO - Запуск API сервера
2026-01-07 17:24:30 - app - INFO - Запуск API сервера
2026-01-07 17:24:30 - app - INFO - Запуск API сервера
2026-01-07 17:30:35 - app - INFO - Завершение работы API сервера
2026-01-07 17:30:38 - app - INFO - Запуск API сервера
2026-01-07 17:30:39 - app - INFO - Запуск API сервера
2026-01-07 17:30:39 - app - INFO - Запуск API сервера
2026-01-07 18:24:11 - app - WARNING - HTTP исключение: Неверный email или пароль
2026-01-07 18:24:45 - app - WARNING - HTTP исключение: Неверный email или пароль
2026-01-07 18:24:47 - app - WARNING - HTTP исключение: Неверный email или пароль
2026-01-07 18:58:46 - app - WARNING - HTTP исключение: Неверный email или пароль
2026-01-07 18:58:48 - app - WARNING - HTTP исключение: Неверный email или пароль
2026-01-07 18:58:48 - app - WARNING - HTTP исключение: Неверный email или пароль
2026-01-07 18:58:50 - app - WARNING - HTTP исключение: Неверный email или пароль
2026-01-07 18:58:50 - app - WARNING - HTTP исключение: Неверный email или пароль
2026-01-07 18:58:50 - app - WARNING - HTTP исключение: Неверный email или пароль
2026-01-07 18:58:51 - app - WARNING - HTTP исключение: Неверный email или пароль
2026-01-07 18:58:54 - app - WARNING - HTTP исключение: Неверный email или пароль
2026-01-07 19:00:04 - app - WARNING - HTTP исключение: Неверный email или пароль
2026-01-07 19:00:06 - app - WARNING - HTTP исключение: Неверный email или пароль
2026-01-07 19:00:06 - app - WARNING - HTTP исключение: Неверный email или пароль
2026-01-07 19:00:14 - app - WARNING - HTTP исключение: Неверный email или пароль
2026-01-07 19:00:16 - app - WARNING - HTTP исключение: Неверный email или пароль
2026-01-07 19:35:46 - app - INFO - Завершение работы API сервера
2026-01-07 19:35:49 - app - INFO - Запуск API сервера
2026-01-07 19:35:50 - app - INFO - Запуск API сервера
2026-01-07 19:35:50 - app - INFO - Запуск API сервера
2026-01-07 19:36:08 - app - INFO - Завершение работы API сервера
2026-01-07 19:36:09 - app - INFO - Запуск API сервера
2026-01-07 19:36:10 - app - INFO - Запуск API сервера
2026-01-11 18:36:40 - app - INFO - Запуск API сервера
2026-01-11 18:36:41 - app - INFO - Запуск API сервера
2026-01-11 18:36:41 - app - INFO - Запуск API сервера
2026-01-11 19:32:45 - app - WARNING - HTTP исключение: Недействительные учетные данные
2026-01-11 19:32:45 - app - WARNING - HTTP исключение: Недействительные учетные данные
2026-01-11 19:32:48 - app - WARNING - HTTP исключение: Недействительные учетные данные
2026-01-11 19:32:48 - app - WARNING - HTTP исключение: Недействительные учетные данные
2026-01-11 19:32:48 - app - WARNING - HTTP исключение: Недействительные учетные данные
2026-01-11 19:32:48 - app - WARNING - HTTP исключение: Недействительные учетные данные
2026-01-11 19:32:49 - app - WARNING - HTTP исключение: Недействительные учетные данные
2026-01-11 19:32:49 - app - WARNING - HTTP исключение: Недействительные учетные данные
2026-01-11 19:33:00 - app - WARNING - HTTP исключение: Недействительные учетные данные
2026-01-11 19:33:00 - app - WARNING - HTTP исключение: Недействительные учетные данные
2026-01-11 19:33:00 - app - WARNING - HTTP исключение: Недействительные учетные данные
2026-01-11 19:33:00 - app - WARNING - HTTP исключение: Недействительные учетные данные
2026-01-11 19:33:00 - app - WARNING - HTTP исключение: Недействительные учетные данные
2026-01-11 19:33:00 - app - WARNING - HTTP исключение: Недействительные учетные данные
2026-01-11 19:33:03 - app - WARNING - HTTP исключение: Недействительные учетные данные
2026-01-11 19:33:03 - app - WARNING - HTTP исключение: Недействительные учетные данные
2026-01-11 19:33:05 - app - WARNING - HTTP исключение: Недействительные учетные данные
2026-01-11 19:33:05 - app - WARNING - HTTP исключение: Недействительные учетные данные
2026-01-11 20:14:36 - app - WARNING - HTTP исключение: Недействительные учетные данные
2026-01-11 20:14:36 - app - WARNING - HTTP исключение: Недействительные учетные данные
2026-01-11 20:18:00 - app - WARNING - HTTP исключение: Недействительные учетные данные
2026-01-11 20:18:00 - app - WARNING - HTTP исключение: Недействительные учетные данные
2026-01-11 20:18:00 - app - WARNING - HTTP исключение: Недействительные учетные данные
2026-01-11 20:18:00 - app - WARNING - HTTP исключение: Недействительные учетные данные
2026-01-11 20:18:00 - app - WARNING - HTTP исключение: Недействительные учетные данные
2026-01-11 20:18:00 - app - WARNING - HTTP исключение: Недействительные учетные данные
2026-01-11 20:18:41 - app - WARNING - HTTP исключение: Неверный email или пароль
2026-01-11 20:20:26 - app - WARNING - HTTP исключение: Неверный email или пароль
2026-01-11 21:54:09 - app - WARNING - HTTP исключение: Неверный email или пароль
2026-01-11 21:58:27 - app - WARNING - HTTP исключение: Неверный email или пароль
2026-01-11 22:00:33 - app - WARNING - HTTP исключение: Неверный email или пароль
2026-01-11 22:00:35 - app - WARNING - HTTP исключение: Неверный email или пароль
2026-01-11 22:00:36 - app - WARNING - HTTP исключение: Неверный email или пароль
2026-01-11 22:00:36 - app - WARNING - HTTP исключение: Неверный email или пароль
2026-01-11 22:00:38 - app - WARNING - HTTP исключение: Неверный email или пароль
2026-01-11 22:00:38 - app - WARNING - HTTP исключение: Неверный email или пароль
2026-01-11 22:00:38 - app - WARNING - HTTP исключение: Неверный email или пароль
2026-01-11 22:00:38 - app - WARNING - HTTP исключение: Неверный email или пароль
2026-01-11 22:00:39 - app - WARNING - HTTP исключение: Неверный email или пароль
2026-01-11 22:00:39 - app - WARNING - HTTP исключение: Неверный email или пароль
2026-01-11 22:00:39 - app - WARNING - HTTP исключение: Неверный email или пароль
2026-01-11 22:00:55 - app - WARNING - HTTP исключение: Неверный email или пароль
2026-01-11 22:02:00 - app - WARNING - HTTP исключение: Неверный email или пароль
2026-01-11 22:13:47 - app - WARNING - HTTP исключение: Email уже зарегистрирован
2026-01-11 22:13:54 - app - WARNING - HTTP исключение: Имя пользователя уже занято
2026-01-12 10:02:16 - app - INFO - Завершение работы API сервера
2026-01-13 07:03:38 - app - INFO - Запуск API сервера
2026-01-13 07:03:39 - app - INFO - Запуск API сервера
2026-01-13 07:03:39 - app - INFO - Запуск API сервера
2026-01-13 07:07:30 - app - INFO - Завершение работы API сервера
2026-01-13 07:07:31 - app - INFO - Запуск API сервера
2026-01-13 07:07:32 - app - INFO - Запуск API сервера
2026-01-13 07:07:32 - app - INFO - Запуск API сервера
2026-01-13 07:09:32 - app - INFO - Завершение работы API сервера
2026-01-13 07:09:33 - app - INFO - Запуск API сервера
2026-01-13 07:09:33 - app - INFO - Запуск API сервера
2026-01-13 07:13:50 - app - INFO - Запуск API сервера
2026-01-13 07:13:51 - app - INFO - Запуск API сервера
2026-01-13 07:13:51 - app - INFO - Запуск API сервера
2026-01-13 07:18:26 - app - INFO - Запуск API сервера
2026-01-13 07:18:27 - app - INFO - Запуск API сервера
2026-01-13 07:18:27 - app - INFO - Запуск API сервера
2026-01-13 07:21:11 - app - INFO - Завершение работы API сервера
2026-01-13 07:21:11 - app - INFO - Завершение работы API сервера
2026-01-13 07:21:14 - app - INFO - Запуск API сервера
2026-01-13 07:21:14 - app - INFO - Запуск API сервера
2026-01-13 07:21:14 - app - INFO - Запуск API сервера
2026-01-13 07:33:16 - app - WARNING - Ошибка валидации: [{'loc': ('body', 'id'), 'msg': 'field required', 'type': 'value_error.missing'}]
2026-01-13 07:33:18 - app - WARNING - Ошибка валидации: [{'loc': ('body', 'id'), 'msg': 'field required', 'type': 'value_error.missing'}]
2026-01-13 07:33:18 - app - WARNING - Ошибка валидации: [{'loc': ('body', 'id'), 'msg': 'field required', 'type': 'value_error.missing'}]
2026-01-13 07:33:18 - app - WARNING - Ошибка валидации: [{'loc': ('body', 'id'), 'msg': 'field required', 'type': 'value_error.missing'}]
2026-01-13 07:33:18 - app - WARNING - Ошибка валидации: [{'loc': ('body', 'id'), 'msg': 'field required', 'type': 'value_error.missing'}]
2026-01-13 07:33:19 - app - WARNING - Ошибка валидации: [{'loc': ('body', 'id'), 'msg': 'field required', 'type': 'value_error.missing'}]
2026-01-13 07:33:19 - app - WARNING - Ошибка валидации: [{'loc': ('body', 'id'), 'msg': 'field required', 'type': 'value_error.missing'}]
2026-01-13 07:33:19 - app - WARNING - Ошибка валидации: [{'loc': ('body', 'id'), 'msg': 'field required', 'type': 'value_error.missing'}]
