2025-12-17 23:57:39 - app - INFO - Запуск API сервера
2025-12-25 15:09:41 - app - INFO - Запуск API сервера
2025-12-25 15:23:14 - app - INFO - Завершение работы API сервера
2025-12-25 15:23:15 - app - INFO - Запуск API сервера
2025-12-25 15:31:41 - app - INFO - Завершение работы API сервера
2025-12-25 15:31:42 - app - INFO - Запуск API сервера
2025-12-25 15:32:04 - app - INFO - Завершение работы API сервера
2025-12-25 15:32:05 - app - INFO - Запуск API сервера
2025-12-25 15:32:55 - app - INFO - Завершение работы API сервера
2025-12-25 15:32:56 - app - INFO - Запуск API сервера
2025-12-25 15:33:01 - app - INFO - Завершение работы API сервера
2025-12-25 15:33:02 - app - INFO - Запуск API сервера
2025-12-25 15:33:24 - app - WARNING - HTTP исключение: Неверный email или пароль
2025-12-25 15:33:50 - app - WARNING - HTTP исключение: Неверный email или пароль
2025-12-25 15:33:51 - app - WARNING - HTTP исключение: Неверный email или пароль
2025-12-25 15:33:52 - app - WARNING - HTTP исключение: Неверный email или пароль
2025-12-25 15:33:55 - app - WARNING - HTTP исключение: Неверный email или пароль
2025-12-25 15:35:11 - app - INFO - Завершение работы API сервера
2025-12-25 15:35:12 - app - INFO - Запуск API сервера
2025-12-25 15:35:14 - app - WARNING - Ошибка валидации: [{'loc': ('body', 'username'), 'msg': 'Field required', 'type': 'missing'}, {'loc': ('body', 'password'), 'msg': 'Field required', 'type': 'missing'}]
2025-12-25 15:35:24 - app - INFO - Завершение работы API сервера
2025-12-25 15:35:25 - app - INFO - Запуск API сервера
2025-12-25 15:35:26 - app - WARNING - Ошибка валидации: [{'loc': ('body', 'username'), 'msg': 'Field required', 'type': 'missing'}, {'loc': ('body', 'password'), 'msg': 'Field required', 'type': 'missing'}]
2025-12-25 15:35:43 - app - INFO - Завершение работы API сервера
2025-12-25 15:35:44 - app - INFO - Запуск API сервера
2025-12-25 15:36:19 - app - WARNING - HTTP исключение: Неверный email или пароль
2025-12-25 15:37:49 - app - INFO - Завершение работы API сервера
2025-12-25 15:37:50 - app - INFO - Запуск API сервера
2025-12-25 15:39:08 - app - INFO - Завершение работы API сервера
2025-12-25 15:42:52 - app - INFO - Запуск API сервера
2025-12-25 15:43:10 - app - WARNING - HTTP исключение: Неверный email или пароль
2025-12-25 15:44:26 - app - INFO - Завершение работы API сервера
2025-12-25 15:44:27 - app - INFO - Запуск API сервера
2025-12-25 15:44:28 - app - WARNING - Ошибка валидации: [{'loc': ('body', 'username'), 'msg': 'Field required', 'type': 'missing'}, {'loc': ('body', 'password'), 'msg': 'Field required', 'type': 'missing'}]
2025-12-25 15:45:01 - app - INFO - Завершение работы API сервера
2025-12-25 15:45:02 - app - INFO - Запуск API сервера
2025-12-25 15:45:03 - app - WARNING - Ошибка валидации: [{'loc': ('body', 'username'), 'msg': 'Field required', 'type': 'missing'}, {'loc': ('body', 'password'), 'msg': 'Field required', 'type': 'missing'}]
2025-12-25 15:45:23 - app - WARNING - Ошибка валидации: [{'loc': ('body', 'username'), 'msg': 'Field required', 'type': 'missing'}, {'loc': ('body', 'password'), 'msg': 'Field required', 'type': 'missing'}]
2025-12-25 15:45:34 - app - INFO - Завершение работы API сервера
2025-12-25 15:45:35 - app - INFO - Запуск API сервера
2025-12-25 15:46:18 - app - INFO - Завершение работы API сервера
2025-12-25 15:46:19 - app - INFO - Запуск API сервера
2025-12-25 15:46:20 - app - WARNING - Ошибка валидации: [{'loc': ('body', 'username'), 'msg': 'Field required', 'type': 'missing'}, {'loc': ('body', 'password'), 'msg': 'Field required', 'type': 'missing'}]
2025-12-25 15:46:59 - app - INFO - Завершение работы API сервера
2025-12-25 15:47:00 - app - INFO - Запуск API сервера
2025-12-25 15:47:01 - app - WARNING - HTTP исключение: Неверный email или пароль
2025-12-25 15:47:19 - app - INFO - Завершение работы API сервера
2025-12-25 15:47:20 - app - INFO - Запуск API сервера
2025-12-25 15:59:40 - app - WARNING - Ошибка валидации: [{'loc': ('body',), 'msg': 'Input should be a valid dictionary or object to extract fields from', 'type': 'model_attributes_type'}]
2025-12-25 15:59:40 - app - WARNING - Ошибка валидации: [{'loc': ('body',), 'msg': 'Input should be a valid dictionary or object to extract fields from', 'type': 'model_attributes_type'}]
2025-12-25 15:59:41 - app - WARNING - Ошибка валидации: [{'loc': ('body',), 'msg': 'Input should be a valid dictionary or object to extract fields from', 'type': 'model_attributes_type'}]
2025-12-25 15:59:46 - app - WARNING - Ошибка валидации: [{'loc': ('body',), 'msg': 'Input should be a valid dictionary or object to extract fields from', 'type': 'model_attributes_type'}]
2025-12-26 00:51:50 - app - INFO - Завершение работы API сервера
2025-12-26 16:45:37 - app - INFO - Запуск API сервера
2025-12-26 16:49:42 - app - INFO - Завершение работы API сервера
2025-12-26 16:49:43 - app - INFO - Запуск API сервера
2025-12-26 16:50:23 - app - INFO - Завершение работы API сервера
2025-12-26 16:50:25 - app - INFO - Запуск API сервера
2025-12-26 16:51:17 - app - INFO - Завершение работы API сервера
2025-12-26 16:51:18 - app - INFO - Запуск API сервера
2025-12-26 16:54:20 - app - INFO - Завершение работы API сервера
2025-12-26 16:54:21 - app - INFO - Запуск API сервера
2025-12-26 16:54:30 - app - INFO - Завершение работы API сервера
2025-12-26 16:54:31 - app - INFO - Запуск API сервера
2025-12-26 16:54:44 - app - INFO - Завершение работы API сервера
2025-12-26 16:54:45 - app - INFO - Запуск API сервера
2025-12-26 17:17:02 - app - INFO - Завершение работы API сервера
2025-12-26 17:17:03 - app - INFO - Запуск API сервера
2025-12-26 17:17:19 - app - INFO - Завершение работы API сервера
2025-12-26 17:17:20 - app - INFO - Запуск API сервера
2025-12-26 17:18:13 - app - INFO - Завершение работы API сервера
2025-12-26 17:18:14 - app - INFO - Запуск API сервера
2025-12-26 17:49:03 - app - INFO - Завершение работы API сервера
2025-12-26 17:49:07 - app - INFO - Запуск API сервера
2025-12-26 18:05:12 - app - INFO - Завершение работы API сервера
2025-12-26 18:05:13 - app - INFO - Запуск API сервера
2025-12-26 18:10:15 - app - INFO - Завершение работы API сервера
2025-12-26 18:10:16 - app - INFO - Запуск API сервера
2025-12-26 18:10:19 - app - WARNING - HTTP исключение: Неверный email или пароль
2025-12-26 18:15:40 - app - INFO - Завершение работы API сервера
2025-12-26 18:15:41 - app - INFO - Запуск API сервера
2025-12-26 18:15:42 - app - WARNING - HTTP исключение: Неверный email или пароль
2025-12-26 18:18:13 - app - INFO - Завершение работы API сервера
2025-12-26 18:18:14 - app - INFO - Запуск API сервера
2025-12-27 09:28:43 - app - WARNING - Ошибка валидации: [{'loc': ('query', 'status'), 'msg': "Input should be 'ожидает подтверждения', 'в обработке', 'отправлен', 'доставлен' or 'отменен'", 'type': 'enum'}]
2025-12-27 09:28:43 - app - WARNING - Ошибка валидации: [{'loc': ('query', 'status'), 'msg': "Input should be 'ожидает подтверждения', 'в обработке', 'отправлен', 'доставлен' or 'отменен'", 'type': 'enum'}]
2025-12-27 09:28:48 - app - WARNING - Ошибка валидации: [{'loc': ('query', 'status'), 'msg': "Input should be 'ожидает подтверждения', 'в обработке', 'отправлен', 'доставлен' or 'отменен'", 'type': 'enum'}]
2025-12-27 09:28:48 - app - WARNING - Ошибка валидации: [{'loc': ('query', 'status'), 'msg': "Input should be 'ожидает подтверждения', 'в обработке', 'отправлен', 'доставлен' or 'отменен'", 'type': 'enum'}]
2025-12-27 09:28:49 - app - WARNING - Ошибка валидации: [{'loc': ('query', 'status'), 'msg': "Input should be 'ожидает подтверждения', 'в обработке', 'отправлен', 'доставлен' or 'отменен'", 'type': 'enum'}]
2025-12-27 09:28:49 - app - WARNING - Ошибка валидации: [{'loc': ('query', 'status'), 'msg': "Input should be 'ожидает подтверждения', 'в обработке', 'отправлен', 'доставлен' or 'отменен'", 'type': 'enum'}]
2025-12-27 09:29:30 - app - WARNING - Ошибка валидации: [{'loc': ('query', 'status'), 'msg': "Input should be 'ожидает подтверждения', 'в обработке', 'отправлен', 'доставлен' or 'отменен'", 'type': 'enum'}]
2025-12-27 09:29:30 - app - WARNING - Ошибка валидации: [{'loc': ('query', 'status'), 'msg': "Input should be 'ожидает подтверждения', 'в обработке', 'отправлен', 'доставлен' or 'отменен'", 'type': 'enum'}]
2025-12-27 09:29:32 - app - WARNING - Ошибка валидации: [{'loc': ('query', 'status'), 'msg': "Input should be 'ожидает подтверждения', 'в обработке', 'отправлен', 'доставлен' or 'отменен'", 'type': 'enum'}]
2025-12-27 09:29:32 - app - WARNING - Ошибка валидации: [{'loc': ('query', 'status'), 'msg': "Input should be 'ожидает подтверждения', 'в обработке', 'отправлен', 'доставлен' or 'отменен'", 'type': 'enum'}]
2025-12-27 09:29:32 - app - WARNING - Ошибка валидации: [{'loc': ('query', 'status'), 'msg': "Input should be 'ожидает подтверждения', 'в обработке', 'отправлен', 'доставлен' or 'отменен'", 'type': 'enum'}]
2025-12-27 09:29:32 - app - WARNING - Ошибка валидации: [{'loc': ('query', 'status'), 'msg': "Input should be 'ожидает подтверждения', 'в обработке', 'отправлен', 'доставлен' or 'отменен'", 'type': 'enum'}]
2025-12-27 09:29:33 - app - WARNING - Ошибка валидации: [{'loc': ('query', 'status'), 'msg': "Input should be 'ожидает подтверждения', 'в обработке', 'отправлен', 'доставлен' or 'отменен'", 'type': 'enum'}]
2025-12-27 09:29:33 - app - WARNING - Ошибка валидации: [{'loc': ('query', 'status'), 'msg': "Input should be 'ожидает подтверждения', 'в обработке', 'отправлен', 'доставлен' or 'отменен'", 'type': 'enum'}]
2025-12-27 09:29:33 - app - WARNING - Ошибка валидации: [{'loc': ('query', 'status'), 'msg': "Input should be 'ожидает подтверждения', 'в обработке', 'отправлен', 'доставлен' or 'отменен'", 'type': 'enum'}]
2025-12-27 09:29:33 - app - WARNING - Ошибка валидации: [{'loc': ('query', 'status'), 'msg': "Input should be 'ожидает подтверждения', 'в обработке', 'отправлен', 'доставлен' or 'отменен'", 'type': 'enum'}]
2025-12-27 09:31:32 - app - WARNING - Ошибка валидации: [{'loc': ('query', 'status'), 'msg': "Input should be 'ожидает подтверждения', 'в обработке', 'отправлен', 'доставлен' or 'отменен'", 'type': 'enum'}]
2025-12-27 09:31:32 - app - WARNING - Ошибка валидации: [{'loc': ('query', 'status'), 'msg': "Input should be 'ожидает подтверждения', 'в обработке', 'отправлен', 'доставлен' or 'отменен'", 'type': 'enum'}]
2025-12-27 09:31:33 - app - WARNING - Ошибка валидации: [{'loc': ('query', 'status'), 'msg': "Input should be 'ожидает подтверждения', 'в обработке', 'отправлен', 'доставлен' or 'отменен'", 'type': 'enum'}]
2025-12-27 09:31:34 - app - WARNING - Ошибка валидации: [{'loc': ('query', 'status'), 'msg': "Input should be 'ожидает подтверждения', 'в обработке', 'отправлен', 'доставлен' or 'отменен'", 'type': 'enum'}]
2025-12-27 09:31:34 - app - WARNING - Ошибка валидации: [{'loc': ('query', 'status'), 'msg': "Input should be 'ожидает подтверждения', 'в обработке', 'отправлен', 'доставлен' or 'отменен'", 'type': 'enum'}]
2025-12-27 09:31:34 - app - WARNING - Ошибка валидации: [{'loc': ('query', 'status'), 'msg': "Input should be 'ожидает подтверждения', 'в обработке', 'отправлен', 'доставлен' or 'отменен'", 'type': 'enum'}]
2025-12-27 09:31:34 - app - WARNING - Ошибка валидации: [{'loc': ('query', 'status'), 'msg': "Input should be 'ожидает подтверждения', 'в обработке', 'отправлен', 'доставлен' or 'отменен'", 'type': 'enum'}]
2025-12-27 09:31:34 - app - WARNING - Ошибка валидации: [{'loc': ('query', 'status'), 'msg': "Input should be 'ожидает подтверждения', 'в обработке', 'отправлен', 'доставлен' or 'отменен'", 'type': 'enum'}]
2025-12-27 09:31:35 - app - WARNING - Ошибка валидации: [{'loc': ('query', 'status'), 'msg': "Input should be 'ожидает подтверждения', 'в обработке', 'отправлен', 'доставлен' or 'отменен'", 'type': 'enum'}]
2025-12-27 09:31:35 - app - WARNING - Ошибка валидации: [{'loc': ('query', 'status'), 'msg': "Input should be 'ожидает подтверждения', 'в обработке', 'отправлен', 'доставлен' or 'отменен'", 'type': 'enum'}]
2025-12-27 09:31:35 - app - WARNING - Ошибка валидации: [{'loc': ('query', 'status'), 'msg': "Input should be 'ожидает подтверждения', 'в обработке', 'отправлен', 'доставлен' or 'отменен'", 'type': 'enum'}]
2025-12-27 09:31:35 - app - WARNING - Ошибка валидации: [{'loc': ('query', 'status'), 'msg': "Input should be 'ожидает подтверждения', 'в обработке', 'отправлен', 'доставлен' or 'отменен'", 'type': 'enum'}]
2025-12-27 09:31:36 - app - WARNING - Ошибка валидации: [{'loc': ('query', 'status'), 'msg': "Input should be 'ожидает подтверждения', 'в обработке', 'отправлен', 'доставлен' or 'отменен'", 'type': 'enum'}]
2025-12-27 09:31:36 - app - WARNING - Ошибка валидации: [{'loc': ('query', 'status'), 'msg': "Input should be 'ожидает подтверждения', 'в обработке', 'отправлен', 'доставлен' or 'отменен'", 'type': 'enum'}]
2025-12-27 09:31:36 - app - WARNING - Ошибка валидации: [{'loc': ('query', 'status'), 'msg': "Input should be 'ожидает подтверждения', 'в обработке', 'отправлен', 'доставлен' or 'отменен'", 'type': 'enum'}]
2025-12-27 09:31:36 - app - WARNING - Ошибка валидации: [{'loc': ('query', 'status'), 'msg': "Input should be 'ожидает подтверждения', 'в обработке', 'отправлен', 'доставлен' or 'отменен'", 'type': 'enum'}]
2025-12-27 09:52:20 - app - INFO - Завершение работы API сервера
2025-12-27 09:52:23 - app - INFO - Запуск API сервера
2025-12-27 09:55:12 - app - INFO - Завершение работы API сервера
2025-12-27 09:55:13 - app - INFO - Запуск API сервера
2025-12-27 10:24:17 - app - WARNING - Ошибка валидации: [{'loc': ('query', 'status'), 'msg': "Input should be 'ожидает подтверждения', 'в обработке', 'отправлен', 'доставлен' or 'отменен'", 'type': 'enum'}]
2025-12-27 10:24:17 - app - WARNING - Ошибка валидации: [{'loc': ('query', 'status'), 'msg': "Input should be 'ожидает подтверждения', 'в обработке', 'отправлен', 'доставлен' or 'отменен'", 'type': 'enum'}]
2025-12-27 10:24:18 - app - WARNING - Ошибка валидации: [{'loc': ('query', 'status'), 'msg': "Input should be 'ожидает подтверждения', 'в обработке', 'отправлен', 'доставлен' or 'отменен'", 'type': 'enum'}]
2025-12-27 10:24:18 - app - WARNING - Ошибка валидации: [{'loc': ('query', 'status'), 'msg': "Input should be 'ожидает подтверждения', 'в обработке', 'отправлен', 'доставлен' or 'отменен'", 'type': 'enum'}]
2025-12-27 11:40:10 - app - WARNING - HTTP исключение: Товар с ID 25 не найден
2025-12-27 11:40:32 - app - WARNING - HTTP исключение: Товар с ID 25 не найден
2025-12-27 11:50:50 - app - WARNING - HTTP исключение: Товар с ID 25 не найден
2025-12-27 11:54:32 - app - INFO - Завершение работы API сервера
2025-12-27 11:54:33 - app - INFO - Запуск API сервера
2025-12-27 11:55:08 - app - INFO - Завершение работы API сервера
2025-12-27 11:55:10 - app - INFO - Запуск API сервера
2025-12-27 11:55:16 - app - WARNING - HTTP исключение: Товар с ID 25 не найден
2025-12-27 11:55:43 - app - WARNING - HTTP исключение: Товар не найден в корзине
2025-12-27 11:58:39 - app - INFO - Завершение работы API сервера
2025-12-27 11:58:40 - app - INFO - Запуск API сервера
2025-12-27 11:59:15 - app - INFO - Завершение работы API сервера
2025-12-27 11:59:16 - app - INFO - Запуск API сервера
2025-12-27 12:05:02 - app - WARNING - Ошибка валидации: [{'loc': ('body', 'customer_name'), 'msg': 'Field required', 'type': 'missing'}, {'loc': ('body', 'contact_phone'), 'msg': 'Field required', 'type': 'missing'}, {'loc': ('body', 'contact_email'), 'msg': 'Field required', 'type': 'missing'}]
2025-12-27 12:06:57 - app - WARNING - Ошибка валидации: [{'loc': ('body', 'customer_name'), 'msg': 'Field required', 'type': 'missing'}, {'loc': ('body', 'contact_phone'), 'msg': 'Field required', 'type': 'missing'}, {'loc': ('body', 'contact_email'), 'msg': 'Field required', 'type': 'missing'}]
2025-12-27 12:14:33 - app - INFO - Завершение работы API сервера
2025-12-27 12:14:34 - app - INFO - Запуск API сервера
2025-12-27 12:14:43 - app - INFO - Завершение работы API сервера
2025-12-27 12:14:44 - app - INFO - Запуск API сервера
2025-12-27 12:14:51 - app - WARNING - HTTP исключение: Корзина пуста
2025-12-27 12:19:25 - app - INFO - Завершение работы API сервера
2025-12-27 12:19:26 - app - INFO - Запуск API сервера
2025-12-27 12:20:57 - app - INFO - Завершение работы API сервера
2025-12-27 12:20:59 - app - INFO - Запуск API сервера
2025-12-27 12:21:29 - app - INFO - Завершение работы API сервера
2025-12-27 12:21:30 - app - INFO - Запуск API сервера
2025-12-27 12:21:39 - app - WARNING - HTTP исключение: Заказ не найден
2025-12-27 12:21:39 - app - WARNING - HTTP исключение: Заказ не найден
2025-12-27 12:24:47 - app - WARNING - HTTP исключение: Заказ не найден
2025-12-27 12:24:47 - app - WARNING - HTTP исключение: Заказ не найден
2025-12-27 12:24:54 - app - WARNING - HTTP исключение: Заказ не найден
2025-12-27 12:24:54 - app - WARNING - HTTP исключение: Заказ не найден
2025-12-27 12:31:00 - app - WARNING - Ошибка валидации: [{'loc': ('query', 'status'), 'msg': "Input should be 'ожидает подтверждения', 'в обработке', 'отправлен', 'доставлен' or 'отменен'", 'type': 'enum'}]
2025-12-27 12:31:00 - app - WARNING - Ошибка валидации: [{'loc': ('query', 'status'), 'msg': "Input should be 'ожидает подтверждения', 'в обработке', 'отправлен', 'доставлен' or 'отменен'", 'type': 'enum'}]
